[2016-03-05 14:45 Europe/Berlin] HTTP request of validation request:POST /cgi-bin/webscr HTTP/1.1
Host: www.sandbox.paypal.com
Accept: */*
Connection: Close
Content-Length: 1008
Content-Type: application/x-www-form-urlencoded

 for IPN payload: cmd=_notify-validate&mc_gross=50.00&protection_eligibility=Eligible&address_status=unconfirmed&payer_id=6PTSFQ677MDS2&tax=0.00&address_street=Via+Unit%3F+d%27Italia%2C+5783296&payment_date=05%3A45%3A10+Mar+05%2C+2016+PST&payment_status=Completed&charset=windows-1252&address_zip=80127&first_name=Cliente&mc_fee=2.05&address_country_code=IT&address_name=Cliente+Test&notify_version=3.8&custom=25&payer_status=verified&business=fareilweb-facilitator%40gmail.com&address_country=Italy&address_city=Napoli&quantity=1&verify_sign=ABlYq.7R2IHqQTc1kx9HVB4oCrebAkyQFF.H8SgwS7iQVMaGQU87Xh6C&payer_email=info%40fareilweb.com&txn_id=1RA67822W35521230&payment_type=instant&last_name=Test&address_state=NAPOLI&receiver_email=fareilweb-facilitator%40gmail.com&payment_fee=&receiver_id=5LNW4P8HZ2K54&txn_type=web_accept&item_name=Prenotazione%2FAcquisto+Lancio%2Fi&mc_currency=EUR&item_number=&residence_country=IT&test_ipn=1&handling_amount=0.00&transaction_subject=&payment_gross=&shipping=0.00&ipn_track_id=9c004b45e240e
[2016-03-05 14:45 Europe/Berlin] HTTP response of validation request: HTTP/1.1 200 OK
Date: Sat, 05 Mar 2016 13:45:14 GMT
Server: Apache
X-Frame-Options: SAMEORIGIN
Set-Cookie: c9MWDuvPtT9GIMyPc3jwol1VSlO=pW8FByn1p0qpoi-4fCNU4ujJaMPq60ICS1s_jwHPeNPlcsXMxs2nKMolj9seiHtEb21DkQWczvhIpiaD_VrDXHmHmYAN56UfZhU-ewrYQivHtul74O_8imZFocZwePvyWHK08lg3E7eWzw8PZXtwftjkdcadONcgSyAdkyPq7bOeO29NojFJagrNUexzBBdpzxIr-YHzPjmIG0u6_UJNVvTBUVTjzmiarxnHf4kF1GPMqccOhwOoA2w72MRb_T7UK1jT5bMjzfkX5nwRne2gLiavVAHgSUvttSr2OUZP3PUJ-9cYT5e4W0mp15Upvw5HJ3f_4xpdqfcb6lAXKb3NdPrFZHaQFFp4u_Ws1bcsIJOJt6nhqZCQwqa7hZXjn5105ic4VGssyCpZA5tRwICdwXiNLm-_dD6kmi3ymVBSqer3Re1GI7rocmKT51O; domain=.paypal.com; path=/; Secure; HttpOnly
Set-Cookie: cookie_check=yes; expires=Tue, 03-Mar-2026 13:45:15 GMT; domain=.paypal.com; path=/; Secure; HttpOnly
Set-Cookie: navcmd=_notify-validate; domain=.paypal.com; path=/; Secure; HttpOnly
Set-Cookie: navlns=0.0; expires=Mon, 05-Mar-2018 13:45:15 GMT; domain=.paypal.com; path=/; Secure; HttpOnly
Set-Cookie: Apache=10.72.108.11.1457185514994145; path=/; expires=Mon, 26-Feb-46 13:45:14 GMT
Vary: Accept-Encoding,User-Agent
Connection: close
HTTP_X_PP_AZ_LOCATOR: sandbox.slc
Paypal-Debug-Id: 2ebbe12dee6c5
Set-Cookie: X-PP-SILOVER=name%3DSANDBOX3.WEB.1%26silo_version%3D1880%26app%3Dappdispatcher%26TIME%3D3940735574; domain=.paypal.com; path=/; Secure; HttpOnly
Set-Cookie: X-PP-SILOVER=; Expires=Thu, 01 Jan 1970 00:00:01 GMT
Strict-Transport-Security: max-age=14400
Transfer-Encoding: chunked
Content-Type: text/html; charset=UTF-8

VERIFIED
[2016-03-05 14:45 Europe/Berlin] Verified IPN: cmd=_notify-validate&mc_gross=50.00&protection_eligibility=Eligible&address_status=unconfirmed&payer_id=6PTSFQ677MDS2&tax=0.00&address_street=Via+Unit%3F+d%27Italia%2C+5783296&payment_date=05%3A45%3A10+Mar+05%2C+2016+PST&payment_status=Completed&charset=windows-1252&address_zip=80127&first_name=Cliente&mc_fee=2.05&address_country_code=IT&address_name=Cliente+Test&notify_version=3.8&custom=25&payer_status=verified&business=fareilweb-facilitator%40gmail.com&address_country=Italy&address_city=Napoli&quantity=1&verify_sign=ABlYq.7R2IHqQTc1kx9HVB4oCrebAkyQFF.H8SgwS7iQVMaGQU87Xh6C&payer_email=info%40fareilweb.com&txn_id=1RA67822W35521230&payment_type=instant&last_name=Test&address_state=NAPOLI&receiver_email=fareilweb-facilitator%40gmail.com&payment_fee=&receiver_id=5LNW4P8HZ2K54&txn_type=web_accept&item_name=Prenotazione%2FAcquisto+Lancio%2Fi&mc_currency=EUR&item_number=&residence_country=IT&test_ipn=1&handling_amount=0.00&transaction_subject=&payment_gross=&shipping=0.00&ipn_track_id=9c004b45e240e 
